.\x86\Release\SpeedCamx86.pdb
D:\Work_Project\eCam\SpeedCam\SpeedCam\.\x86\Release\SpeedCamx86.exe
D:\Work_Project\eCam\SpeedCam\SpeedCam\.\x86\Release\SpeedCamx86.exe.intermediate.manifest
D:\WORK_PROJECT\ECAM\SPEEDCAM\SPEEDCAM\X86\RELEASE\CHILDFRM.OBJ
D:\Work_Project\eCam\SpeedCam\SpeedCam\x86\Release\CL.10236.read.1.tlog
D:\Work_Project\eCam\SpeedCam\SpeedCam\x86\Release\CL.10236.write.1.tlog
D:\Work_Project\eCam\SpeedCam\SpeedCam\x86\Release\CL.10536.read.1.tlog
D:\Work_Project\eCam\SpeedCam\SpeedCam\x86\Release\CL.10536.write.1.tlog
D:\Work_Project\eCam\SpeedCam\SpeedCam\x86\Release\CL.10680.read.1.tlog
D:\Work_Project\eCam\SpeedCam\SpeedCam\x86\Release\CL.10680.write.1.tlog
D:\Work_Project\eCam\SpeedCam\SpeedCam\x86\Release\CL.11708.read.1.tlog
D:\Work_Project\eCam\SpeedCam\SpeedCam\x86\Release\CL.11708.write.1.tlog
D:\Work_Project\eCam\SpeedCam\SpeedCam\x86\Release\CL.12312.read.1.tlog
D:\Work_Project\eCam\SpeedCam\SpeedCam\x86\Release\CL.12312.write.1.tlog
D:\Work_Project\eCam\SpeedCam\SpeedCam\x86\Release\CL.12696.read.1.tlog
D:\Work_Project\eCam\SpeedCam\SpeedCam\x86\Release\CL.12696.write.1.tlog
D:\Work_Project\eCam\SpeedCam\SpeedCam\x86\Release\CL.12884.read.1.tlog
D:\Work_Project\eCam\SpeedCam\SpeedCam\x86\Release\CL.12884.write.1.tlog
D:\Work_Project\eCam\SpeedCam\SpeedCam\x86\Release\CL.13164.read.1.tlog
D:\Work_Project\eCam\SpeedCam\SpeedCam\x86\Release\CL.13164.write.1.tlog
D:\Work_Project\eCam\SpeedCam\SpeedCam\x86\Release\CL.13596.read.1.tlog
D:\Work_Project\eCam\SpeedCam\SpeedCam\x86\Release\CL.13596.write.1.tlog
D:\Work_Project\eCam\SpeedCam\SpeedCam\x86\Release\CL.13984.read.1.tlog
D:\Work_Project\eCam\SpeedCam\SpeedCam\x86\Release\CL.13984.write.1.tlog
D:\Work_Project\eCam\SpeedCam\SpeedCam\x86\Release\CL.14548.read.1.tlog
D:\Work_Project\eCam\SpeedCam\SpeedCam\x86\Release\CL.14548.write.1.tlog
D:\Work_Project\eCam\SpeedCam\SpeedCam\x86\Release\CL.15268.read.1.tlog
D:\Work_Project\eCam\SpeedCam\SpeedCam\x86\Release\CL.15268.write.1.tlog
D:\Work_Project\eCam\SpeedCam\SpeedCam\x86\Release\CL.15380.read.1.tlog
D:\Work_Project\eCam\SpeedCam\SpeedCam\x86\Release\CL.15380.write.1.tlog
D:\Work_Project\eCam\SpeedCam\SpeedCam\x86\Release\CL.16292.read.1.tlog
D:\Work_Project\eCam\SpeedCam\SpeedCam\x86\Release\CL.16292.write.1.tlog
D:\Work_Project\eCam\SpeedCam\SpeedCam\x86\Release\CL.17156.read.1.tlog
D:\Work_Project\eCam\SpeedCam\SpeedCam\x86\Release\CL.17156.write.1.tlog
D:\Work_Project\eCam\SpeedCam\SpeedCam\x86\Release\CL.17520.read.1.tlog
D:\Work_Project\eCam\SpeedCam\SpeedCam\x86\Release\CL.17520.write.1.tlog
D:\Work_Project\eCam\SpeedCam\SpeedCam\x86\Release\CL.17696.read.1.tlog
D:\Work_Project\eCam\SpeedCam\SpeedCam\x86\Release\CL.17696.write.1.tlog
D:\Work_Project\eCam\SpeedCam\SpeedCam\x86\Release\CL.19680.read.1.tlog
D:\Work_Project\eCam\SpeedCam\SpeedCam\x86\Release\CL.19680.write.1.tlog
D:\Work_Project\eCam\SpeedCam\SpeedCam\x86\Release\CL.20020.read.1.tlog
D:\Work_Project\eCam\SpeedCam\SpeedCam\x86\Release\CL.20020.write.1.tlog
D:\Work_Project\eCam\SpeedCam\SpeedCam\x86\Release\CL.20452.read.1.tlog
D:\Work_Project\eCam\SpeedCam\SpeedCam\x86\Release\CL.20452.write.1.tlog
D:\Work_Project\eCam\SpeedCam\SpeedCam\x86\Release\CL.20508.read.1.tlog
D:\Work_Project\eCam\SpeedCam\SpeedCam\x86\Release\CL.20508.write.1.tlog
D:\Work_Project\eCam\SpeedCam\SpeedCam\x86\Release\CL.20936.read.1.tlog
D:\Work_Project\eCam\SpeedCam\SpeedCam\x86\Release\CL.20936.write.1.tlog
D:\Work_Project\eCam\SpeedCam\SpeedCam\x86\Release\CL.23928.read.1.tlog
D:\Work_Project\eCam\SpeedCam\SpeedCam\x86\Release\CL.23928.write.1.tlog
D:\Work_Project\eCam\SpeedCam\SpeedCam\x86\Release\CL.4796.read.1.tlog
D:\Work_Project\eCam\SpeedCam\SpeedCam\x86\Release\CL.4796.write.1.tlog
D:\Work_Project\eCam\SpeedCam\SpeedCam\x86\Release\CL.4824.read.1.tlog
D:\Work_Project\eCam\SpeedCam\SpeedCam\x86\Release\CL.4824.write.1.tlog
D:\Work_Project\eCam\SpeedCam\SpeedCam\x86\Release\CL.54516.read.1.tlog
D:\Work_Project\eCam\SpeedCam\SpeedCam\x86\Release\CL.54516.write.1.tlog
D:\Work_Project\eCam\SpeedCam\SpeedCam\x86\Release\CL.5872.read.1.tlog
D:\Work_Project\eCam\SpeedCam\SpeedCam\x86\Release\CL.5872.write.1.tlog
D:\Work_Project\eCam\SpeedCam\SpeedCam\x86\Release\CL.5996.read.1.tlog
D:\Work_Project\eCam\SpeedCam\SpeedCam\x86\Release\CL.5996.write.1.tlog
D:\Work_Project\eCam\SpeedCam\SpeedCam\x86\Release\CL.6204.read.1.tlog
D:\Work_Project\eCam\SpeedCam\SpeedCam\x86\Release\CL.6204.write.1.tlog
D:\Work_Project\eCam\SpeedCam\SpeedCam\x86\Release\CL.6340.read.1.tlog
D:\Work_Project\eCam\SpeedCam\SpeedCam\x86\Release\CL.6340.write.1.tlog
D:\Work_Project\eCam\SpeedCam\SpeedCam\x86\Release\CL.6376.read.1.tlog
D:\Work_Project\eCam\SpeedCam\SpeedCam\x86\Release\CL.6376.write.1.tlog
D:\Work_Project\eCam\SpeedCam\SpeedCam\x86\Release\CL.6672.read.1.tlog
D:\Work_Project\eCam\SpeedCam\SpeedCam\x86\Release\CL.6672.write.1.tlog
D:\Work_Project\eCam\SpeedCam\SpeedCam\x86\Release\CL.6948.read.1.tlog
D:\Work_Project\eCam\SpeedCam\SpeedCam\x86\Release\CL.6948.write.1.tlog
D:\Work_Project\eCam\SpeedCam\SpeedCam\x86\Release\CL.72256.read.1.tlog
D:\Work_Project\eCam\SpeedCam\SpeedCam\x86\Release\CL.72256.write.1.tlog
D:\Work_Project\eCam\SpeedCam\SpeedCam\x86\Release\CL.8116.read.1.tlog
D:\Work_Project\eCam\SpeedCam\SpeedCam\x86\Release\CL.8116.write.1.tlog
D:\Work_Project\eCam\SpeedCam\SpeedCam\x86\Release\CL.8488.read.1.tlog
D:\Work_Project\eCam\SpeedCam\SpeedCam\x86\Release\CL.8488.write.1.tlog
D:\Work_Project\eCam\SpeedCam\SpeedCam\x86\Release\CL.9252.read.1.tlog
D:\Work_Project\eCam\SpeedCam\SpeedCam\x86\Release\CL.9252.write.1.tlog
D:\Work_Project\eCam\SpeedCam\SpeedCam\x86\Release\CL.93568.read.1.tlog
D:\Work_Project\eCam\SpeedCam\SpeedCam\x86\Release\CL.93568.write.1.tlog
D:\Work_Project\eCam\SpeedCam\SpeedCam\x86\Release\CL.96456.read.1.tlog
D:\Work_Project\eCam\SpeedCam\SpeedCam\x86\Release\CL.96456.write.1.tlog
D:\Work_Project\eCam\SpeedCam\SpeedCam\x86\Release\CL.96576.read.1.tlog
D:\Work_Project\eCam\SpeedCam\SpeedCam\x86\Release\CL.96576.write.1.tlog
D:\Work_Project\eCam\SpeedCam\SpeedCam\x86\Release\CL.96744.read.1.tlog
D:\Work_Project\eCam\SpeedCam\SpeedCam\x86\Release\CL.96744.write.1.tlog
D:\Work_Project\eCam\SpeedCam\SpeedCam\x86\Release\CL.97340.read.1.tlog
D:\Work_Project\eCam\SpeedCam\SpeedCam\x86\Release\CL.97340.write.1.tlog
D:\Work_Project\eCam\SpeedCam\SpeedCam\x86\Release\CL.97704.read.1.tlog
D:\Work_Project\eCam\SpeedCam\SpeedCam\x86\Release\CL.97704.write.1.tlog
D:\Work_Project\eCam\SpeedCam\SpeedCam\x86\Release\CL.97728.read.1.tlog
D:\Work_Project\eCam\SpeedCam\SpeedCam\x86\Release\CL.97728.write.1.tlog
D:\Work_Project\eCam\SpeedCam\SpeedCam\x86\Release\cl.command.1.tlog
D:\Work_Project\eCam\SpeedCam\SpeedCam\x86\Release\CL.read.1.tlog
D:\Work_Project\eCam\SpeedCam\SpeedCam\x86\Release\CL.write.1.tlog
D:\WORK_PROJECT\ECAM\SPEEDCAM\SPEEDCAM\X86\RELEASE\DEVICE_CONTROL.OBJ
D:\WORK_PROJECT\ECAM\SPEEDCAM\SPEEDCAM\X86\RELEASE\DOCKIMAGEVIEW.OBJ
D:\WORK_PROJECT\ECAM\SPEEDCAM\SPEEDCAM\X86\RELEASE\DOCKPANEL.OBJ
D:\WORK_PROJECT\ECAM\SPEEDCAM\SPEEDCAM\X86\RELEASE\FORMATBAYER10.OBJ
D:\WORK_PROJECT\ECAM\SPEEDCAM\SPEEDCAM\X86\RELEASE\FORMATBAYER8.OBJ
D:\WORK_PROJECT\ECAM\SPEEDCAM\SPEEDCAM\X86\RELEASE\FORMATCONVERT.OBJ
D:\WORK_PROJECT\ECAM\SPEEDCAM\SPEEDCAM\X86\RELEASE\FORMATRGB.OBJ
D:\WORK_PROJECT\ECAM\SPEEDCAM\SPEEDCAM\X86\RELEASE\FORMATYCBCR.OBJ
D:\WORK_PROJECT\ECAM\SPEEDCAM\SPEEDCAM\X86\RELEASE\IMAGEVIEW_DLG.OBJ
D:\Work_Project\eCam\SpeedCam\SpeedCam\x86\Release\link.command.1.tlog
D:\Work_Project\eCam\SpeedCam\SpeedCam\x86\Release\link.read.1.tlog
D:\Work_Project\eCam\SpeedCam\SpeedCam\x86\Release\link.write.1.tlog
D:\Work_Project\eCam\SpeedCam\SpeedCam\x86\Release\link-cvtres.read.1.tlog
D:\Work_Project\eCam\SpeedCam\SpeedCam\x86\Release\link-cvtres.write.1.tlog
D:\WORK_PROJECT\ECAM\SPEEDCAM\SPEEDCAM\X86\RELEASE\MAINFRM.OBJ
D:\WORK_PROJECT\ECAM\SPEEDCAM\SPEEDCAM\X86\RELEASE\MARBLIXUSB3.OBJ
D:\Work_Project\eCam\SpeedCam\SpeedCam\x86\Release\mt.command.1.tlog
D:\Work_Project\eCam\SpeedCam\SpeedCam\x86\Release\mt.read.1.tlog
D:\Work_Project\eCam\SpeedCam\SpeedCam\x86\Release\mt.write.1.tlog
D:\WORK_PROJECT\ECAM\SPEEDCAM\SPEEDCAM\X86\RELEASE\OUTPUTWND.OBJ
D:\Work_Project\eCam\SpeedCam\SpeedCam\x86\Release\rc.command.1.tlog
D:\Work_Project\eCam\SpeedCam\SpeedCam\x86\Release\rc.read.1.tlog
D:\Work_Project\eCam\SpeedCam\SpeedCam\x86\Release\rc.write.1.tlog
D:\WORK_PROJECT\ECAM\SPEEDCAM\SPEEDCAM\X86\RELEASE\SPEEDCAM.OBJ
D:\WORK_PROJECT\ECAM\SPEEDCAM\SPEEDCAM\X86\RELEASE\SPEEDCAM.RES
D:\Work_Project\eCam\SpeedCam\SpeedCam\x86\Release\SpeedCam.vcxprojResolveAssemblyReference.cache
D:\Work_Project\eCam\SpeedCam\SpeedCam\x86\Release\SpeedCam.write.1.tlog
D:\WORK_PROJECT\ECAM\SPEEDCAM\SPEEDCAM\X86\RELEASE\SPEEDCAMDOC.OBJ
D:\WORK_PROJECT\ECAM\SPEEDCAM\SPEEDCAM\X86\RELEASE\SPEEDCAMVIEW.OBJ
D:\WORK_PROJECT\ECAM\SPEEDCAM\SPEEDCAM\X86\RELEASE\SPEEDCAMX86.EXE
D:\WORK_PROJECT\ECAM\SPEEDCAM\SPEEDCAM\X86\RELEASE\SPEEDCAMX86.EXE.INTERMEDIATE.MANIFEST
D:\WORK_PROJECT\ECAM\SPEEDCAM\SPEEDCAM\X86\RELEASE\SPEEDCAMX86.PCH
D:\WORK_PROJECT\ECAM\SPEEDCAM\SPEEDCAM\X86\RELEASE\SPEEDCAMX86.PDB
D:\WORK_PROJECT\ECAM\SPEEDCAM\SPEEDCAM\X86\RELEASE\STDAFX.OBJ
D:\WORK_PROJECT\ECAM\SPEEDCAM\SPEEDCAM\X86\RELEASE\USB3_DEV.OBJ
D:\WORK_PROJECT\ECAM\SPEEDCAM\SPEEDCAM\X86\RELEASE\VC100.PDB
D:\WORK_PROJECT\ECAM\SPEEDCAM\SPEEDCAM\X86\RELEASE\VIEWTREE.OBJ
