Build started 2018-03-22 오후 3:26:18.
     1>Project "D:\Work_Project\eCam\SpeedCam\SpeedCam\SpeedCam.vcxproj" on node 2 (build target(s)).
     1>InitializeBuildStatus:
         Creating ".\x86\Release\SpeedCam.unsuccessfulbuild" because "AlwaysCreate" was specified.
       ClCompile:
         All outputs are up-to-date.
         C:\Program Files (x86)\Microsoft Visual Studio 10.0\VC\bin\CL.exe /c /ID:\Work_Project\SpeedCam\SpeedCam\lib\x86 /Zi /nologo /W3 /WX- /MP /O2 /Oi /Oy- /GL /D WIN32 /D _WINDOWS /D NDEBUG /D _UNICODE /D UNICODE /Gm- /EHsc /MT /GS /Gy /fp:precise /Zc:wchar_t /Zc:forScope /Yu"StdAfx.h" /Fp".\x86\Release\SpeedCamx86.pch" /Fo".\x86\Release\\" /Fd".\x86\Release\vc100.pdb" /Gd /TP /analyze- /errorReport:prompt DockPanel.cpp SpeedCam.cpp SpeedCamView.cpp
         DockPanel.cpp
         SpeedCam.cpp
         SpeedCamView.cpp
       ResourceCompile:
         All outputs are up-to-date.
       Link:
         C:\Program Files (x86)\Microsoft Visual Studio 10.0\VC\bin\link.exe /ERRORREPORT:PROMPT /OUT:".\x86\Release\SpeedCamx86.exe" /INCREMENTAL:NO /NOLOGO /LIBPATH:D:\Work_Project\SpeedCam\SpeedCam\lib\x86 lib\x86\CyAPI.lib setupapi.lib /NODEFAULTLIB:LIBC /MANIFEST /ManifestFile:".\x86\Release\SpeedCamx86.exe.intermediate.manifest" /MANIFESTUAC:"level='asInvoker' uiAccess='false'" /DEBUG /PDB:"D:\Work_Project\eCam\SpeedCam\SpeedCam\x86\Release\SpeedCamx86.pdb" /SUBSYSTEM:WINDOWS /OPT:REF /OPT:ICF /LTCG /TLBID:1 /ENTRY:"wWinMainCRTStartup" /DYNAMICBASE /NXCOMPAT /IMPLIB:".\x86\Release\SpeedCamx86.lib" /MACHINE:X86 .\x86\Release\SpeedCam.res
         .\x86\Release\ChildFrm.obj
         .\x86\Release\Device_Control.obj
         .\x86\Release\DockImageView.obj
         .\x86\Release\DockPanel.obj
         .\x86\Release\FormatBayer10.obj
         .\x86\Release\FormatBayer8.obj
         .\x86\Release\FormatConvert.obj
         .\x86\Release\FormatRGB.obj
         .\x86\Release\FormatYCbCr.obj
         .\x86\Release\ImageView_Dlg.obj
         .\x86\Release\MainFrm.obj
         .\x86\Release\MarblixUsb3.obj
         .\x86\Release\OutputWnd.obj
         .\x86\Release\SpeedCam.obj
         .\x86\Release\SpeedCamDoc.obj
         .\x86\Release\SpeedCamView.obj
         .\x86\Release\stdafx.obj
         .\x86\Release\USB3_DEV.obj
         .\x86\Release\ViewTree.obj
         Generating code
         Finished generating code
         SpeedCam.vcxproj -> D:\Work_Project\eCam\SpeedCam\SpeedCam\.\x86\Release\SpeedCamx86.exe
       Manifest:
         C:\Program Files (x86)\Microsoft SDKs\Windows\v7.0A\bin\mt.exe /nologo /verbose /outputresource:".\x86\Release\SpeedCamx86.exe;#1" /manifest .\x86\Release\SpeedCamx86.exe.intermediate.manifest "C:\Program Files (x86)\Microsoft Visual Studio 10.0\VC\Include\Manifest\dpiaware.manifest"
       FinalizeBuildStatus:
         Deleting file ".\x86\Release\SpeedCam.unsuccessfulbuild".
         Touching ".\x86\Release\SpeedCam.lastbuildstate".
     1>Done Building Project "D:\Work_Project\eCam\SpeedCam\SpeedCam\SpeedCam.vcxproj" (build target(s)).

Build succeeded.

Time Elapsed 00:00:02.45
