.\x86\Release\SpeedCam.pdb
D:\Work_Project\eCam\SpeedCam\SpeedCam\.\x86\Release\SpeedCam.exe
D:\Work_Project\eCam\SpeedCam\SpeedCam\.\x86\Release\SpeedCam.exe.intermediate.manifest
D:\WORK_PROJECT\ECAM\SPEEDCAM\SPEEDCAM\X86\RELEASE\CHILDFRM.OBJ
D:\Work_Project\eCam\SpeedCam\SpeedCam\x86\Release\CL.10072.read.1.tlog
D:\Work_Project\eCam\SpeedCam\SpeedCam\x86\Release\CL.10072.write.1.tlog
D:\Work_Project\eCam\SpeedCam\SpeedCam\x86\Release\CL.10556.read.1.tlog
D:\Work_Project\eCam\SpeedCam\SpeedCam\x86\Release\CL.10556.write.1.tlog
D:\Work_Project\eCam\SpeedCam\SpeedCam\x86\Release\CL.13412.read.1.tlog
D:\Work_Project\eCam\SpeedCam\SpeedCam\x86\Release\CL.13412.write.1.tlog
D:\Work_Project\eCam\SpeedCam\SpeedCam\x86\Release\CL.14496.read.1.tlog
D:\Work_Project\eCam\SpeedCam\SpeedCam\x86\Release\CL.14496.write.1.tlog
D:\Work_Project\eCam\SpeedCam\SpeedCam\x86\Release\CL.15192.read.1.tlog
D:\Work_Project\eCam\SpeedCam\SpeedCam\x86\Release\CL.15192.write.1.tlog
D:\Work_Project\eCam\SpeedCam\SpeedCam\x86\Release\CL.4344.read.1.tlog
D:\Work_Project\eCam\SpeedCam\SpeedCam\x86\Release\CL.4344.write.1.tlog
D:\Work_Project\eCam\SpeedCam\SpeedCam\x86\Release\CL.7140.read.1.tlog
D:\Work_Project\eCam\SpeedCam\SpeedCam\x86\Release\CL.7140.write.1.tlog
D:\Work_Project\eCam\SpeedCam\SpeedCam\x86\Release\CL.7616.read.1.tlog
D:\Work_Project\eCam\SpeedCam\SpeedCam\x86\Release\CL.7616.write.1.tlog
D:\Work_Project\eCam\SpeedCam\SpeedCam\x86\Release\cl.command.1.tlog
D:\Work_Project\eCam\SpeedCam\SpeedCam\x86\Release\CL.read.1.tlog
D:\Work_Project\eCam\SpeedCam\SpeedCam\x86\Release\CL.write.1.tlog
D:\WORK_PROJECT\ECAM\SPEEDCAM\SPEEDCAM\X86\RELEASE\DEVICE_CONTROL.OBJ
D:\WORK_PROJECT\ECAM\SPEEDCAM\SPEEDCAM\X86\RELEASE\DOCKPANEL.OBJ
D:\Work_Project\eCam\SpeedCam\SpeedCam\x86\Release\link.command.1.tlog
D:\Work_Project\eCam\SpeedCam\SpeedCam\x86\Release\link.read.1.tlog
D:\Work_Project\eCam\SpeedCam\SpeedCam\x86\Release\link.write.1.tlog
D:\Work_Project\eCam\SpeedCam\SpeedCam\x86\Release\link-cvtres.read.1.tlog
D:\Work_Project\eCam\SpeedCam\SpeedCam\x86\Release\link-cvtres.write.1.tlog
D:\WORK_PROJECT\ECAM\SPEEDCAM\SPEEDCAM\X86\RELEASE\MAINFRM.OBJ
D:\Work_Project\eCam\SpeedCam\SpeedCam\x86\Release\mt.command.1.tlog
D:\Work_Project\eCam\SpeedCam\SpeedCam\x86\Release\mt.read.1.tlog
D:\Work_Project\eCam\SpeedCam\SpeedCam\x86\Release\mt.write.1.tlog
D:\WORK_PROJECT\ECAM\SPEEDCAM\SPEEDCAM\X86\RELEASE\OUTPUTWND.OBJ
D:\Work_Project\eCam\SpeedCam\SpeedCam\x86\Release\rc.command.1.tlog
D:\Work_Project\eCam\SpeedCam\SpeedCam\x86\Release\rc.read.1.tlog
D:\Work_Project\eCam\SpeedCam\SpeedCam\x86\Release\rc.write.1.tlog
D:\WORK_PROJECT\ECAM\SPEEDCAM\SPEEDCAM\X86\RELEASE\SPEEDCAM.EXE
D:\WORK_PROJECT\ECAM\SPEEDCAM\SPEEDCAM\X86\RELEASE\SPEEDCAM.EXE.INTERMEDIATE.MANIFEST
D:\WORK_PROJECT\ECAM\SPEEDCAM\SPEEDCAM\X86\RELEASE\SPEEDCAM.OBJ
D:\WORK_PROJECT\ECAM\SPEEDCAM\SPEEDCAM\X86\RELEASE\SPEEDCAM.PCH
D:\WORK_PROJECT\ECAM\SPEEDCAM\SPEEDCAM\X86\RELEASE\SPEEDCAM.PDB
D:\WORK_PROJECT\ECAM\SPEEDCAM\SPEEDCAM\X86\RELEASE\SPEEDCAM.RES
D:\Work_Project\eCam\SpeedCam\SpeedCam\x86\Release\SpeedCam.write.1.tlog
D:\WORK_PROJECT\ECAM\SPEEDCAM\SPEEDCAM\X86\RELEASE\SPEEDCAMDOC.OBJ
D:\WORK_PROJECT\ECAM\SPEEDCAM\SPEEDCAM\X86\RELEASE\SPEEDCAMVIEW.OBJ
D:\WORK_PROJECT\ECAM\SPEEDCAM\SPEEDCAM\X86\RELEASE\STDAFX.OBJ
D:\WORK_PROJECT\ECAM\SPEEDCAM\SPEEDCAM\X86\RELEASE\USB3_DEV.OBJ
D:\WORK_PROJECT\ECAM\SPEEDCAM\SPEEDCAM\X86\RELEASE\VC100.PDB
D:\WORK_PROJECT\ECAM\SPEEDCAM\SPEEDCAM\X86\RELEASE\VIEWTREE.OBJ
