D:\WORK_PROJECT\SPEEDCAM\RELEASE\SPEEDCAM.EXE
D:\WORK_PROJECT\SPEEDCAM\RELEASE\SPEEDCAM.PDB
D:\WORK_PROJECT\SPEEDCAM\SPEEDCAM\RELEASE\CHILDFRM.OBJ
D:\Work_Project\SpeedCam\SpeedCam\Release\CL.22944.read.1.tlog
D:\Work_Project\SpeedCam\SpeedCam\Release\CL.22944.write.1.tlog
D:\Work_Project\SpeedCam\SpeedCam\Release\CL.29620.read.1.tlog
D:\Work_Project\SpeedCam\SpeedCam\Release\CL.29620.write.1.tlog
D:\Work_Project\SpeedCam\SpeedCam\Release\CL.33420.read.1.tlog
D:\Work_Project\SpeedCam\SpeedCam\Release\CL.33420.write.1.tlog
D:\Work_Project\SpeedCam\SpeedCam\Release\CL.36068.read.1.tlog
D:\Work_Project\SpeedCam\SpeedCam\Release\CL.36068.write.1.tlog
D:\Work_Project\SpeedCam\SpeedCam\Release\CL.37168.read.1.tlog
D:\Work_Project\SpeedCam\SpeedCam\Release\CL.37168.write.1.tlog
D:\Work_Project\SpeedCam\SpeedCam\Release\CL.43124.read.1.tlog
D:\Work_Project\SpeedCam\SpeedCam\Release\CL.43124.write.1.tlog
D:\Work_Project\SpeedCam\SpeedCam\Release\CL.43712.read.1.tlog
D:\Work_Project\SpeedCam\SpeedCam\Release\CL.43712.write.1.tlog
D:\Work_Project\SpeedCam\SpeedCam\Release\CL.43916.read.1.tlog
D:\Work_Project\SpeedCam\SpeedCam\Release\CL.43916.write.1.tlog
D:\Work_Project\SpeedCam\SpeedCam\Release\CL.52948.read.1.tlog
D:\Work_Project\SpeedCam\SpeedCam\Release\CL.52948.write.1.tlog
D:\Work_Project\SpeedCam\SpeedCam\Release\CL.56772.read.1.tlog
D:\Work_Project\SpeedCam\SpeedCam\Release\CL.56772.write.1.tlog
D:\Work_Project\SpeedCam\SpeedCam\Release\cl.command.1.tlog
D:\Work_Project\SpeedCam\SpeedCam\Release\CL.read.1.tlog
D:\Work_Project\SpeedCam\SpeedCam\Release\CL.write.1.tlog
D:\WORK_PROJECT\SPEEDCAM\SPEEDCAM\RELEASE\DEVICE_CONTROL.OBJ
D:\WORK_PROJECT\SPEEDCAM\SPEEDCAM\RELEASE\DOCKPANEL.OBJ
D:\Work_Project\SpeedCam\SpeedCam\Release\link.command.1.tlog
D:\Work_Project\SpeedCam\SpeedCam\Release\link.read.1.tlog
D:\Work_Project\SpeedCam\SpeedCam\Release\link.write.1.tlog
D:\Work_Project\SpeedCam\SpeedCam\Release\link-cvtres.read.1.tlog
D:\Work_Project\SpeedCam\SpeedCam\Release\link-cvtres.write.1.tlog
D:\WORK_PROJECT\SPEEDCAM\SPEEDCAM\RELEASE\MAINFRM.OBJ
D:\Work_Project\SpeedCam\SpeedCam\Release\mt.command.1.tlog
D:\Work_Project\SpeedCam\SpeedCam\Release\mt.read.1.tlog
D:\Work_Project\SpeedCam\SpeedCam\Release\mt.write.1.tlog
D:\WORK_PROJECT\SPEEDCAM\SPEEDCAM\RELEASE\OUTPUTWND.OBJ
D:\Work_Project\SpeedCam\SpeedCam\Release\rc.command.1.tlog
D:\Work_Project\SpeedCam\SpeedCam\Release\rc.read.1.tlog
D:\Work_Project\SpeedCam\SpeedCam\Release\rc.write.1.tlog
D:\WORK_PROJECT\SPEEDCAM\SPEEDCAM\RELEASE\SPEEDCAM.EXE.INTERMEDIATE.MANIFEST
D:\WORK_PROJECT\SPEEDCAM\SPEEDCAM\RELEASE\SPEEDCAM.OBJ
D:\WORK_PROJECT\SPEEDCAM\SPEEDCAM\RELEASE\SPEEDCAM.PCH
D:\WORK_PROJECT\SPEEDCAM\SPEEDCAM\RELEASE\SPEEDCAM.RES
D:\Work_Project\SpeedCam\SpeedCam\Release\SpeedCam.write.1.tlog
D:\WORK_PROJECT\SPEEDCAM\SPEEDCAM\RELEASE\SPEEDCAMDOC.OBJ
D:\WORK_PROJECT\SPEEDCAM\SPEEDCAM\RELEASE\SPEEDCAMVIEW.OBJ
D:\WORK_PROJECT\SPEEDCAM\SPEEDCAM\RELEASE\STDAFX.OBJ
D:\WORK_PROJECT\SPEEDCAM\SPEEDCAM\RELEASE\USB3_DEV.OBJ
D:\WORK_PROJECT\SPEEDCAM\SPEEDCAM\RELEASE\VC100.PDB
D:\WORK_PROJECT\SPEEDCAM\SPEEDCAM\RELEASE\VIEWTREE.OBJ
