.\x86\Debug\SpeedCam.pdb
D:\Work_Project\eCam\SpeedCam\SpeedCam\.\x86\Debug\SpeedCam.exe
D:\Work_Project\eCam\SpeedCam\SpeedCam\.\x86\Debug\SpeedCam.exe.intermediate.manifest
D:\WORK_PROJECT\ECAM\SPEEDCAM\SPEEDCAM\X86\DEBUG\CHILDFRM.OBJ
D:\Work_Project\eCam\SpeedCam\SpeedCam\x86\Debug\cl.command.1.tlog
D:\Work_Project\eCam\SpeedCam\SpeedCam\x86\Debug\CL.read.1.tlog
D:\Work_Project\eCam\SpeedCam\SpeedCam\x86\Debug\CL.write.1.tlog
D:\WORK_PROJECT\ECAM\SPEEDCAM\SPEEDCAM\X86\DEBUG\DEVICE_CONTROL.OBJ
D:\WORK_PROJECT\ECAM\SPEEDCAM\SPEEDCAM\X86\DEBUG\DOCKIMAGEVIEW.OBJ
D:\WORK_PROJECT\ECAM\SPEEDCAM\SPEEDCAM\X86\DEBUG\DOCKPANEL.OBJ
D:\WORK_PROJECT\ECAM\SPEEDCAM\SPEEDCAM\X86\DEBUG\FORMATBAYER10.OBJ
D:\WORK_PROJECT\ECAM\SPEEDCAM\SPEEDCAM\X86\DEBUG\FORMATBAYER8.OBJ
D:\WORK_PROJECT\ECAM\SPEEDCAM\SPEEDCAM\X86\DEBUG\FORMATCONVERT.OBJ
D:\WORK_PROJECT\ECAM\SPEEDCAM\SPEEDCAM\X86\DEBUG\FORMATRGB.OBJ
D:\WORK_PROJECT\ECAM\SPEEDCAM\SPEEDCAM\X86\DEBUG\FORMATYCBCR.OBJ
D:\WORK_PROJECT\ECAM\SPEEDCAM\SPEEDCAM\X86\DEBUG\IMAGEVIEW_DLG.OBJ
D:\Work_Project\eCam\SpeedCam\SpeedCam\x86\Debug\link.command.1.tlog
D:\Work_Project\eCam\SpeedCam\SpeedCam\x86\Debug\link.read.1.tlog
D:\Work_Project\eCam\SpeedCam\SpeedCam\x86\Debug\link.write.1.tlog
D:\Work_Project\eCam\SpeedCam\SpeedCam\x86\Debug\link-cvtres.read.1.tlog
D:\Work_Project\eCam\SpeedCam\SpeedCam\x86\Debug\link-cvtres.write.1.tlog
D:\WORK_PROJECT\ECAM\SPEEDCAM\SPEEDCAM\X86\DEBUG\MAINFRM.OBJ
D:\WORK_PROJECT\ECAM\SPEEDCAM\SPEEDCAM\X86\DEBUG\MARBLIXUSB3.OBJ
D:\Work_Project\eCam\SpeedCam\SpeedCam\x86\Debug\mt.command.1.tlog
D:\Work_Project\eCam\SpeedCam\SpeedCam\x86\Debug\mt.read.1.tlog
D:\Work_Project\eCam\SpeedCam\SpeedCam\x86\Debug\mt.write.1.tlog
D:\WORK_PROJECT\ECAM\SPEEDCAM\SPEEDCAM\X86\DEBUG\OUTPUTWND.OBJ
D:\Work_Project\eCam\SpeedCam\SpeedCam\x86\Debug\rc.command.1.tlog
D:\Work_Project\eCam\SpeedCam\SpeedCam\x86\Debug\rc.read.1.tlog
D:\Work_Project\eCam\SpeedCam\SpeedCam\x86\Debug\rc.write.1.tlog
D:\WORK_PROJECT\ECAM\SPEEDCAM\SPEEDCAM\X86\DEBUG\SPEEDCAM.EXE
D:\WORK_PROJECT\ECAM\SPEEDCAM\SPEEDCAM\X86\DEBUG\SPEEDCAM.EXE.EMBED.MANIFEST
D:\WORK_PROJECT\ECAM\SPEEDCAM\SPEEDCAM\X86\DEBUG\SPEEDCAM.EXE.EMBED.MANIFEST.RES
D:\WORK_PROJECT\ECAM\SPEEDCAM\SPEEDCAM\X86\DEBUG\SPEEDCAM.EXE.INTERMEDIATE.MANIFEST
D:\WORK_PROJECT\ECAM\SPEEDCAM\SPEEDCAM\X86\DEBUG\SPEEDCAM.OBJ
D:\WORK_PROJECT\ECAM\SPEEDCAM\SPEEDCAM\X86\DEBUG\SPEEDCAM.PCH
D:\WORK_PROJECT\ECAM\SPEEDCAM\SPEEDCAM\X86\DEBUG\SPEEDCAM.PDB
D:\WORK_PROJECT\ECAM\SPEEDCAM\SPEEDCAM\X86\DEBUG\SPEEDCAM.RES
D:\Work_Project\eCam\SpeedCam\SpeedCam\x86\Debug\SpeedCam.write.1.tlog
D:\Work_Project\eCam\SpeedCam\SpeedCam\x86\Debug\SpeedCam_manifest.rc
D:\WORK_PROJECT\ECAM\SPEEDCAM\SPEEDCAM\X86\DEBUG\SPEEDCAMDOC.OBJ
D:\WORK_PROJECT\ECAM\SPEEDCAM\SPEEDCAM\X86\DEBUG\SPEEDCAMVIEW.OBJ
D:\WORK_PROJECT\ECAM\SPEEDCAM\SPEEDCAM\X86\DEBUG\STDAFX.OBJ
D:\WORK_PROJECT\ECAM\SPEEDCAM\SPEEDCAM\X86\DEBUG\USB3_DEV.OBJ
D:\Work_Project\eCam\SpeedCam\SpeedCam\x86\Debug\vc100.idb
D:\WORK_PROJECT\ECAM\SPEEDCAM\SPEEDCAM\X86\DEBUG\VC100.PDB
D:\WORK_PROJECT\ECAM\SPEEDCAM\SPEEDCAM\X86\DEBUG\VIEWTREE.OBJ
