Build started 2018-03-22 오후 3:16:49.
     1>Project "D:\Work_Project\eCam\SpeedCam\SpeedCam\SpeedCam.vcxproj" on node 2 (build target(s)).
     1>InitializeBuildStatus:
         Creating ".\x86\Debug\SpeedCam.unsuccessfulbuild" because "AlwaysCreate" was specified.
       ClCompile:
         All outputs are up-to-date.
         C:\Program Files (x86)\Microsoft Visual Studio 10.0\VC\bin\CL.exe /c /ID:\Work_Project\eCam\SpeedCam\SpeedCam\lib /ZI /nologo /W3 /WX- /Od /Oy- /D WIN32 /D _WINDOWS /D _DEBUG /D _UNICODE /D UNICODE /D _AFXDLL /Gm /EHsc /RTC1 /MDd /GS /fp:precise /Zc:wchar_t /Zc:forScope /Yu"StdAfx.h" /Fp".\x86\Debug\SpeedCam.pch" /Fo".\x86\Debug\\" /Fd".\x86\Debug\vc100.pdb" /Gd /TP /analyze- /errorReport:prompt SpeedCam.cpp
         SpeedCam.cpp
       ResourceCompile:
         All outputs are up-to-date.
       ManifestResourceCompile:
         All outputs are up-to-date.
       Link:
         C:\Program Files (x86)\Microsoft Visual Studio 10.0\VC\bin\link.exe /ERRORREPORT:PROMPT /OUT:".\x86\Debug\SpeedCam.exe" /INCREMENTAL /NOLOGO lib\x86\CyAPI.lib setupapi.lib /NODEFAULTLIB:LIBC /NODEFAULTLIB:LIBCMT /MANIFEST /ManifestFile:".\x86\Debug\SpeedCam.exe.intermediate.manifest" /MANIFESTUAC:"level='asInvoker' uiAccess='false'" /DEBUG /PDB:"D:\Work_Project\eCam\SpeedCam\SpeedCam\x86\Debug\SpeedCam.pdb" /SUBSYSTEM:WINDOWS /LTCG /TLBID:1 /ENTRY:"wWinMainCRTStartup" /DYNAMICBASE /NXCOMPAT /IMPLIB:".\x86\Debug\SpeedCam.lib" /MACHINE:X86 .\x86\Debug\SpeedCam.res
         .\x86\Debug\SpeedCam.exe.embed.manifest.res
         .\x86\Debug\ChildFrm.obj
         .\x86\Debug\Device_Control.obj
         .\x86\Debug\DockImageView.obj
         .\x86\Debug\DockPanel.obj
         .\x86\Debug\FormatBayer10.obj
         .\x86\Debug\FormatBayer8.obj
         .\x86\Debug\FormatConvert.obj
         .\x86\Debug\FormatRGB.obj
         .\x86\Debug\FormatYCbCr.obj
         .\x86\Debug\ImageView_Dlg.obj
         .\x86\Debug\MainFrm.obj
         .\x86\Debug\MarblixUsb3.obj
         .\x86\Debug\OutputWnd.obj
         .\x86\Debug\SpeedCam.obj
         .\x86\Debug\SpeedCamDoc.obj
         .\x86\Debug\SpeedCamView.obj
         .\x86\Debug\stdafx.obj
         .\x86\Debug\USB3_DEV.obj
         .\x86\Debug\ViewTree.obj
     1>LINK : warning LNK4075: ignoring '/INCREMENTAL' due to '/LTCG' specification
         LINK : /LTCG specified but no code generation required; remove /LTCG from the link command line to improve linker performance
       Manifest:
         C:\Program Files (x86)\Microsoft SDKs\Windows\v7.0A\bin\mt.exe /nologo /verbose /out:".\x86\Debug\SpeedCam.exe.embed.manifest" /manifest .\x86\Debug\SpeedCam.exe.intermediate.manifest "C:\Program Files (x86)\Microsoft Visual Studio 10.0\VC\Include\Manifest\dpiaware.manifest"
         All outputs are up-to-date.
       LinkEmbedManifest:
         All outputs are up-to-date.
         SpeedCam.vcxproj -> D:\Work_Project\eCam\SpeedCam\SpeedCam\.\x86\Debug\SpeedCam.exe
       FinalizeBuildStatus:
         Deleting file ".\x86\Debug\SpeedCam.unsuccessfulbuild".
         Touching ".\x86\Debug\SpeedCam.lastbuildstate".
     1>Done Building Project "D:\Work_Project\eCam\SpeedCam\SpeedCam\SpeedCam.vcxproj" (build target(s)).

Build succeeded.

Time Elapsed 00:00:00.70
