.\x64\Debug\SpeedCam.ilk
.\x64\Debug\SpeedCam.pdb
D:\Work_Project\SpeedCam\SpeedCam\.\x64\Debug\SpeedCam.exe
D:\Work_Project\SpeedCam\SpeedCam\.\x64\Debug\SpeedCam.exe.intermediate.manifest
D:\WORK_PROJECT\SPEEDCAM\SPEEDCAM\X64\DEBUG\CHILDFRM.OBJ
D:\Work_Project\SpeedCam\SpeedCam\x64\Debug\cl.command.1.tlog
D:\Work_Project\SpeedCam\SpeedCam\x64\Debug\CL.read.1.tlog
D:\Work_Project\SpeedCam\SpeedCam\x64\Debug\CL.write.1.tlog
D:\WORK_PROJECT\SPEEDCAM\SPEEDCAM\X64\DEBUG\DEVICE_CONTROL.OBJ
D:\WORK_PROJECT\SPEEDCAM\SPEEDCAM\X64\DEBUG\DOCKPANEL.OBJ
D:\WORK_PROJECT\SPEEDCAM\SPEEDCAM\X64\DEBUG\FORMATBAYER10.OBJ
D:\WORK_PROJECT\SPEEDCAM\SPEEDCAM\X64\DEBUG\FORMATBAYER8.OBJ
D:\WORK_PROJECT\SPEEDCAM\SPEEDCAM\X64\DEBUG\FORMATCONVERT.OBJ
D:\WORK_PROJECT\SPEEDCAM\SPEEDCAM\X64\DEBUG\FORMATRGB.OBJ
D:\WORK_PROJECT\SPEEDCAM\SPEEDCAM\X64\DEBUG\FORMATYCBCR.OBJ
D:\Work_Project\SpeedCam\SpeedCam\x64\Debug\link.26832.read.1.tlog
D:\Work_Project\SpeedCam\SpeedCam\x64\Debug\link.26832.write.1.tlog
D:\Work_Project\SpeedCam\SpeedCam\x64\Debug\link.26832-cvtres.read.1.tlog
D:\Work_Project\SpeedCam\SpeedCam\x64\Debug\link.26832-cvtres.write.1.tlog
D:\Work_Project\SpeedCam\SpeedCam\x64\Debug\link.27732.read.1.tlog
D:\Work_Project\SpeedCam\SpeedCam\x64\Debug\link.27732.write.1.tlog
D:\Work_Project\SpeedCam\SpeedCam\x64\Debug\link.27732-cvtres.read.1.tlog
D:\Work_Project\SpeedCam\SpeedCam\x64\Debug\link.27732-cvtres.write.1.tlog
D:\Work_Project\SpeedCam\SpeedCam\x64\Debug\link.27892.read.1.tlog
D:\Work_Project\SpeedCam\SpeedCam\x64\Debug\link.27892.write.1.tlog
D:\Work_Project\SpeedCam\SpeedCam\x64\Debug\link.27892-cvtres.read.1.tlog
D:\Work_Project\SpeedCam\SpeedCam\x64\Debug\link.27892-cvtres.write.1.tlog
D:\Work_Project\SpeedCam\SpeedCam\x64\Debug\link.28536.read.1.tlog
D:\Work_Project\SpeedCam\SpeedCam\x64\Debug\link.28536.write.1.tlog
D:\Work_Project\SpeedCam\SpeedCam\x64\Debug\link.28536-cvtres.read.1.tlog
D:\Work_Project\SpeedCam\SpeedCam\x64\Debug\link.28536-cvtres.write.1.tlog
D:\Work_Project\SpeedCam\SpeedCam\x64\Debug\link.command.1.tlog
D:\Work_Project\SpeedCam\SpeedCam\x64\Debug\link.read.1.tlog
D:\Work_Project\SpeedCam\SpeedCam\x64\Debug\link.write.1.tlog
D:\Work_Project\SpeedCam\SpeedCam\x64\Debug\link-cvtres.read.1.tlog
D:\Work_Project\SpeedCam\SpeedCam\x64\Debug\link-cvtres.write.1.tlog
D:\WORK_PROJECT\SPEEDCAM\SPEEDCAM\X64\DEBUG\MAINFRM.OBJ
D:\WORK_PROJECT\SPEEDCAM\SPEEDCAM\X64\DEBUG\MARBLIXUSB3.OBJ
D:\Work_Project\SpeedCam\SpeedCam\x64\Debug\mt.command.1.tlog
D:\Work_Project\SpeedCam\SpeedCam\x64\Debug\mt.read.1.tlog
D:\Work_Project\SpeedCam\SpeedCam\x64\Debug\mt.write.1.tlog
D:\WORK_PROJECT\SPEEDCAM\SPEEDCAM\X64\DEBUG\OUTPUTWND.OBJ
D:\Work_Project\SpeedCam\SpeedCam\x64\Debug\rc.command.1.tlog
D:\Work_Project\SpeedCam\SpeedCam\x64\Debug\rc.read.1.tlog
D:\Work_Project\SpeedCam\SpeedCam\x64\Debug\rc.write.1.tlog
D:\WORK_PROJECT\SPEEDCAM\SPEEDCAM\X64\DEBUG\SPEEDCAM.EXE
D:\WORK_PROJECT\SPEEDCAM\SPEEDCAM\X64\DEBUG\SPEEDCAM.EXE.EMBED.MANIFEST
D:\WORK_PROJECT\SPEEDCAM\SPEEDCAM\X64\DEBUG\SPEEDCAM.EXE.EMBED.MANIFEST.RES
D:\WORK_PROJECT\SPEEDCAM\SPEEDCAM\X64\DEBUG\SPEEDCAM.EXE.INTERMEDIATE.MANIFEST
D:\WORK_PROJECT\SPEEDCAM\SPEEDCAM\X64\DEBUG\SPEEDCAM.ILK
D:\WORK_PROJECT\SPEEDCAM\SPEEDCAM\X64\DEBUG\SPEEDCAM.OBJ
D:\WORK_PROJECT\SPEEDCAM\SPEEDCAM\X64\DEBUG\SPEEDCAM.PCH
D:\WORK_PROJECT\SPEEDCAM\SPEEDCAM\X64\DEBUG\SPEEDCAM.PDB
D:\WORK_PROJECT\SPEEDCAM\SPEEDCAM\X64\DEBUG\SPEEDCAM.RES
D:\Work_Project\SpeedCam\SpeedCam\x64\Debug\SpeedCam.vcxprojResolveAssemblyReference.cache
D:\Work_Project\SpeedCam\SpeedCam\x64\Debug\SpeedCam.write.1.tlog
D:\Work_Project\SpeedCam\SpeedCam\x64\Debug\SpeedCam_manifest.rc
D:\WORK_PROJECT\SPEEDCAM\SPEEDCAM\X64\DEBUG\SPEEDCAMDOC.OBJ
D:\WORK_PROJECT\SPEEDCAM\SPEEDCAM\X64\DEBUG\SPEEDCAMVIEW.OBJ
D:\WORK_PROJECT\SPEEDCAM\SPEEDCAM\X64\DEBUG\STDAFX.OBJ
D:\WORK_PROJECT\SPEEDCAM\SPEEDCAM\X64\DEBUG\USB3_DEV.OBJ
D:\Work_Project\SpeedCam\SpeedCam\x64\Debug\vc100.idb
D:\WORK_PROJECT\SPEEDCAM\SPEEDCAM\X64\DEBUG\VC100.PDB
D:\WORK_PROJECT\SPEEDCAM\SPEEDCAM\X64\DEBUG\VIEWTREE.OBJ
